{"C:\\Users\\User\\Desktop\\NodeJS\\posto.js": {"path":"C:\\Users\\User\\Desktop\\NodeJS\\posto.js","statementMap":{"0":{"start":{"line":2,"column":4},"end":{"line":4,"column":5}},"1":{"start":{"line":3,"column":8},"end":{"line":3,"column":76}},"2":{"start":{"line":6,"column":4},"end":{"line":8,"column":5}},"3":{"start":{"line":7,"column":8},"end":{"line":7,"column":75}},"4":{"start":{"line":10,"column":4},"end":{"line":12,"column":5}},"5":{"start":{"line":11,"column":8},"end":{"line":11,"column":30}},"6":{"start":{"line":13,"column":4},"end":{"line":15,"column":5}},"7":{"start":{"line":14,"column":8},"end":{"line":14,"column":30}},"8":{"start":{"line":17,"column":4},"end":{"line":17,"column":27}},"9":{"start":{"line":20,"column":0},"end":{"line":20,"column":43}}},"fnMap":{"0":{"name":"calcularGastoCombustivel","decl":{"start":{"line":1,"column":9},"end":{"line":1,"column":33}},"loc":{"start":{"line":1,"column":62},"end":{"line":18,"column":1}},"line":1}},"branchMap":{"0":{"loc":{"start":{"line":2,"column":4},"end":{"line":4,"column":5}},"type":"if","locations":[{"start":{"line":2,"column":4},"end":{"line":4,"column":5}},{"start":{},"end":{}}],"line":2},"1":{"loc":{"start":{"line":2,"column":8},"end":{"line":2,"column":53}},"type":"binary-expr","locations":[{"start":{"line":2,"column":8},"end":{"line":2,"column":36}},{"start":{"line":2,"column":40},"end":{"line":2,"column":53}}],"line":2},"2":{"loc":{"start":{"line":6,"column":4},"end":{"line":8,"column":5}},"type":"if","locations":[{"start":{"line":6,"column":4},"end":{"line":8,"column":5}},{"start":{},"end":{}}],"line":6},"3":{"loc":{"start":{"line":6,"column":7},"end":{"line":6,"column":67}},"type":"binary-expr","locations":[{"start":{"line":6,"column":7},"end":{"line":6,"column":36}},{"start":{"line":6,"column":40},"end":{"line":6,"column":67}}],"line":6},"4":{"loc":{"start":{"line":10,"column":4},"end":{"line":12,"column":5}},"type":"if","locations":[{"start":{"line":10,"column":4},"end":{"line":12,"column":5}},{"start":{},"end":{}}],"line":10},"5":{"loc":{"start":{"line":13,"column":4},"end":{"line":15,"column":5}},"type":"if","locations":[{"start":{"line":13,"column":4},"end":{"line":15,"column":5}},{"start":{},"end":{}}],"line":13}},"s":{"0":4,"1":1,"2":3,"3":1,"4":2,"5":1,"6":2,"7":1,"8":2,"9":1},"f":{"0":4},"b":{"0":[1,3],"1":[4,4],"2":[1,2],"3":[3,2],"4":[1,1],"5":[1,1]},"_coverageSchema":"1a1c01bbd47fc00a2c39e90264f33305004495a9","hash":"3136077a00eb83b587315a19f30ed8dc85af47c2"}
}
